2024-06-11T15:28:13.212+07:00 TRACE 41330 --- [book-movie-tickets_backend] [main] o.s.b.w.s.ServletContextInitializerBeans : Added existing Filter initializer bean 'securityFilterChainRegistration'; order=-100, resource=class path resource [org/springframework/boot/autoconfigure/security/servlet/SecurityFilterAutoConfiguration.class]
2024-06-11T15:28:13.221+07:00 TRACE 41330 --- [book-movie-tickets_backend] [main] o.s.b.w.s.ServletContextInitializerBeans : Added existing Servlet initializer bean 'dispatcherServletRegistration'; order=2147483647, resource=class path resource [org/springframework/boot/autoconfigure/web/servlet/DispatcherServletAutoConfiguration$DispatcherServletRegistrationConfiguration.class]
2024-06-11T15:28:16.555+07:00  WARN 41330 --- [book-movie-tickets_backend] [main] JpaBaseConfiguration$JpaWebConfiguration : spring.jpa.open-in-view is enabled by default. Therefore, database queries may be performed during view rendering. Explicitly configure spring.jpa.open-in-view to disable this warning
2024-06-11T15:28:16.669+07:00 DEBUG 41330 --- [book-movie-tickets_backend] [main] .m.m.a.ExceptionHandlerExceptionResolver : ControllerAdvice beans: 2 @ExceptionHandler, 1 ResponseBodyAdvice
2024-06-11T15:28:16.695+07:00 TRACE 41330 --- [book-movie-tickets_backend] [main] o.s.b.w.s.ServletContextInitializerBeans : Created Filter initializer for bean 'characterEncodingFilter'; order=-2147483648, resource=class path resource [org/springframework/boot/autoconfigure/web/servlet/HttpEncodingAutoConfiguration.class]
2024-06-11T15:28:16.695+07:00 TRACE 41330 --- [book-movie-tickets_backend] [main] o.s.b.w.s.ServletContextInitializerBeans : Created Filter initializer for bean 'formContentFilter'; order=-9900, resource=class path resource [org/springframework/boot/autoconfigure/web/servlet/WebMvcAutoConfiguration.class]
2024-06-11T15:28:16.695+07:00 TRACE 41330 --- [book-movie-tickets_backend] [main] o.s.b.w.s.ServletContextInitializerBeans : Created Filter initializer for bean 'requestContextFilter'; order=-105, resource=class path resource [org/springframework/boot/autoconfigure/web/servlet/WebMvcAutoConfiguration$WebMvcAutoConfigurationAdapter.class]
2024-06-11T15:28:16.696+07:00 TRACE 41330 --- [book-movie-tickets_backend] [main] o.s.b.w.s.ServletContextInitializerBeans : Created Filter initializer for bean 'jwtAuthenticationFilter'; order=2147483647, resource=file [/Users/ast/Documents/Google Drive/MACBOOK/VTIAcademy/Mockproject/Team3/book-movie-tickets_backend/book-movie-tickets_backend/target/classes/group3/book_movie_tickets_backend/configuration/JwtAuthenticationFilter.class]
2024-06-11T15:28:16.701+07:00 DEBUG 41330 --- [book-movie-tickets_backend] [main] o.s.b.w.s.ServletContextInitializerBeans : Mapping filters: springSecurityFilterChain urls=[/*] order=-100, characterEncodingFilter urls=[/*] order=-2147483648, formContentFilter urls=[/*] order=-9900, requestContextFilter urls=[/*] order=-105, jwtAuthenticationFilter urls=[/*] order=2147483647
2024-06-11T15:28:16.701+07:00 DEBUG 41330 --- [book-movie-tickets_backend] [main] o.s.b.w.s.ServletContextInitializerBeans : Mapping servlets: dispatcherServlet urls=[/]
2024-06-11T15:28:16.845+07:00  WARN 41330 --- [book-movie-tickets_backend] [main] r$InitializeUserDetailsManagerConfigurer : Global AuthenticationManager configured with an AuthenticationProvider bean. UserDetailsService beans will not be used for username/password login. Consider removing the AuthenticationProvider bean. Alternatively, consider using the UserDetailsService in a manually instantiated DaoAuthenticationProvider.
2024-06-11T15:28:17.141+07:00 TRACE 41330 --- [book-movie-tickets_backend] [main] s.w.s.m.m.a.RequestMappingHandlerMapping : 
	g.b.c.AccountController:
	{GET [/api/accounts]}: authenticatedUser()
	{GET [/api]}: allUsers()
2024-06-11T15:28:17.146+07:00 TRACE 41330 --- [book-movie-tickets_backend] [main] s.w.s.m.m.a.RequestMappingHandlerMapping : 
	g.b.c.AuthenticationController:
	{POST [/auth/change-password]}: changePassword(ChangePasswordForm)
	{POST [/auth/auth-code-email]}: authenticateCodeAndEmail(EmailAndCode)
	{POST [/auth/reset-password]}: resetPassword(ChangePasswordForm)
	{GET [/auth/change-password/send-code/{email}]}: sendCode(String)
	{POST [/auth/login]}: authenticate(LoginUserDto)
	{POST [/auth/signup]}: register(RegisterUserDto)
2024-06-11T15:28:17.157+07:00 TRACE 41330 --- [book-movie-tickets_backend] [main] s.w.s.m.m.a.RequestMappingHandlerMapping : 
	g.b.c.EmployeeController:
	{GET [/api/v1/employees/{id}]}: findById(Long)
	{DELETE [/api/v1/employees/deleteById/{id}]}: deleteById(Long)
	{GET [/api/v1/employees]}: findAll(EmployeeFilterForm,int,int,String,String)
	{PUT [/api/v1/employees/{id}]}: update(Long,EmployeeUpdateForm)
	{POST [/api/v1/employees]}: create(EmployeeCreateForm)
2024-06-11T15:28:17.165+07:00 TRACE 41330 --- [book-movie-tickets_backend] [main] s.w.s.m.m.a.RequestMappingHandlerMapping : 
	g.b.c.MovieController:
	{GET [/api/v1/movies/{id}]}: findById(Integer)
	{DELETE [/api/v1/movies/deleteById/{id}]}: deleteById(Integer)
	{GET [/api/v1/movies]}: findAll(MovieFilterForm,int,int,String,String)
	{PUT [/api/v1/movies/{id}]}: update(Integer,MovieDto)
	{POST [/api/v1/movies]}: create(MovieCreateForm)
2024-06-11T15:28:17.168+07:00 TRACE 41330 --- [book-movie-tickets_backend] [main] s.w.s.m.m.a.RequestMappingHandlerMapping : 
	g.b.c.SeatController:
	{GET [/api/v1/seats/{id}]}: findById(Integer)
	{DELETE [/api/v1/seats/deleteById/{id}]}: deleteById(Integer)
	{GET [/api/v1/seats]}: findAll()
	{PUT [/api/v1/seats/{id}]}: update(Integer,Seat)
	{POST [/api/v1/seats]}: create(Seat)
2024-06-11T15:28:17.171+07:00 TRACE 41330 --- [book-movie-tickets_backend] [main] s.w.s.m.m.a.RequestMappingHandlerMapping : 
	g.b.c.TicketController:
	{GET [/api/v1/tickets/{id}]}: findById(Integer)
	{DELETE [/api/v1/tickets/deleteById/{id}]}: deleteById(Integer)
	{GET [/api/v1/tickets]}: findAll()
	{PUT [/api/v1/tickets/{id}]}: update(Integer,Ticket)
	{POST [/api/v1/tickets]}: create(Ticket)
2024-06-11T15:28:17.176+07:00 TRACE 41330 --- [book-movie-tickets_backend] [main] s.w.s.m.m.a.RequestMappingHandlerMapping : 
	o.s.b.a.w.s.e.BasicErrorController:
	{ [/error], produces [text/html]}: errorHtml(HttpServletRequest,HttpServletResponse)
	{ [/error]}: error(HttpServletRequest)
2024-06-11T15:28:17.195+07:00 TRACE 41330 --- [book-movie-tickets_backend] [main] s.w.s.m.m.a.RequestMappingHandlerMapping : 
	o.s.w.a.OpenApiWebMvcResource:
	{GET [/v3/api-docs], produces [application/json]}: openapiJson(HttpServletRequest,String,Locale)
	{GET [/v3/api-docs.yaml], produces [application/vnd.oai.openapi]}: openapiYaml(HttpServletRequest,String,Locale)
2024-06-11T15:28:17.197+07:00 TRACE 41330 --- [book-movie-tickets_backend] [main] s.w.s.m.m.a.RequestMappingHandlerMapping : 
	o.s.w.u.SwaggerWelcomeWebMvc:
	{GET [/swagger-ui.html]}: redirectToUi(HttpServletRequest)
2024-06-11T15:28:17.198+07:00 TRACE 41330 --- [book-movie-tickets_backend] [main] s.w.s.m.m.a.RequestMappingHandlerMapping : 
	o.s.w.u.SwaggerConfigResource:
	{GET [/v3/api-docs/swagger-config], produces [application/json]}: openapiJson(HttpServletRequest)
2024-06-11T15:28:17.200+07:00 DEBUG 41330 --- [book-movie-tickets_backend] [main] s.w.s.m.m.a.RequestMappingHandlerMapping : 34 mappings in 'requestMappingHandlerMapping'
2024-06-11T15:28:17.206+07:00 DEBUG 41330 --- [book-movie-tickets_backend] [main] o.s.w.s.h.BeanNameUrlHandlerMapping      : Detected 0 mappings in 'beanNameHandlerMapping'
2024-06-11T15:28:17.211+07:00 TRACE 41330 --- [book-movie-tickets_backend] [main] o.s.w.s.f.support.RouterFunctionMapping  : 0 RouterFunction(s) in 'routerFunctionMapping'
2024-06-11T15:28:17.225+07:00 TRACE 41330 --- [book-movie-tickets_backend] [main] o.s.w.s.handler.SimpleUrlHandlerMapping  : Mapped [/webjars/**] onto ResourceHttpRequestHandler [classpath [META-INF/resources/webjars/]]
2024-06-11T15:28:17.225+07:00 TRACE 41330 --- [book-movie-tickets_backend] [main] o.s.w.s.handler.SimpleUrlHandlerMapping  : Mapped [/**] onto ResourceHttpRequestHandler [classpath [META-INF/resources/], classpath [resources/], classpath [static/], classpath [public/], ServletContext [/]]
2024-06-11T15:28:17.226+07:00 TRACE 41330 --- [book-movie-tickets_backend] [main] o.s.w.s.handler.SimpleUrlHandlerMapping  : Mapped [/swagger-ui*/*swagger-initializer.js] onto ResourceHttpRequestHandler [classpath [META-INF/resources/webjars/]]
2024-06-11T15:28:17.226+07:00 TRACE 41330 --- [book-movie-tickets_backend] [main] o.s.w.s.handler.SimpleUrlHandlerMapping  : Mapped [/swagger-ui*/**] onto ResourceHttpRequestHandler [classpath [META-INF/resources/webjars/]]
2024-06-11T15:28:17.226+07:00 DEBUG 41330 --- [book-movie-tickets_backend] [main] o.s.w.s.handler.SimpleUrlHandlerMapping  : Patterns [/webjars/**, /**, /swagger-ui*/*swagger-initializer.js, /swagger-ui*/**] in 'resourceHandlerMapping'
2024-06-11T15:28:17.333+07:00 DEBUG 41330 --- [book-movie-tickets_backend] [main] s.w.s.m.m.a.RequestMappingHandlerAdapter : ControllerAdvice beans: 0 @ModelAttribute, 0 @InitBinder, 1 RequestBodyAdvice, 1 ResponseBodyAdvice
2024-06-11T15:30:20.183+07:00  INFO 41330 --- [book-movie-tickets_backend] [http-nio-8080-exec-2] o.s.web.servlet.DispatcherServlet        : Initializing Servlet 'dispatcherServlet'
2024-06-11T15:30:20.193+07:00 TRACE 41330 --- [book-movie-tickets_backend] [http-nio-8080-exec-2] o.s.web.servlet.DispatcherServlet        : Detected org.springframework.web.multipart.support.StandardServletMultipartResolver@5118c7fb
2024-06-11T15:30:20.194+07:00 TRACE 41330 --- [book-movie-tickets_backend] [http-nio-8080-exec-2] o.s.web.servlet.DispatcherServlet        : Detected org.springframework.web.servlet.i18n.AcceptHeaderLocaleResolver@420d123d
2024-06-11T15:30:20.194+07:00 TRACE 41330 --- [book-movie-tickets_backend] [http-nio-8080-exec-2] o.s.web.servlet.DispatcherServlet        : Detected org.springframework.web.servlet.theme.FixedThemeResolver@7bb78381
2024-06-11T15:30:20.195+07:00 TRACE 41330 --- [book-movie-tickets_backend] [http-nio-8080-exec-2] o.s.web.servlet.DispatcherServlet        : Detected DefaultRequestToViewNameTranslator
2024-06-11T15:30:20.196+07:00 TRACE 41330 --- [book-movie-tickets_backend] [http-nio-8080-exec-2] o.s.web.servlet.DispatcherServlet        : Detected SessionFlashMapManager
2024-06-11T15:30:20.196+07:00 DEBUG 41330 --- [book-movie-tickets_backend] [http-nio-8080-exec-2] o.s.web.servlet.DispatcherServlet        : enableLoggingRequestDetails='false': request parameters and headers will be masked to prevent unsafe logging of potentially sensitive data
2024-06-11T15:30:20.196+07:00  INFO 41330 --- [book-movie-tickets_backend] [http-nio-8080-exec-2] o.s.web.servlet.DispatcherServlet        : Completed initialization in 3 ms
2024-06-11T15:30:20.243+07:00 TRACE 41330 --- [book-movie-tickets_backend] [http-nio-8080-exec-2] o.s.web.servlet.DispatcherServlet        : GET "/api/v1/movies", parameters={}, headers={masked} in DispatcherServlet 'dispatcherServlet'
2024-06-11T15:30:20.246+07:00 TRACE 41330 --- [book-movie-tickets_backend] [http-nio-8080-exec-2] s.w.s.m.m.a.RequestMappingHandlerMapping : Mapped to group3.book_movie_tickets_backend.controller.MovieController#findAll(MovieFilterForm, int, int, String, String)
2024-06-11T15:30:20.285+07:00 TRACE 41330 --- [book-movie-tickets_backend] [http-nio-8080-exec-2] o.s.web.method.HandlerMethod             : Arguments: [MovieFilterForm(search=null), 0, 10, id, asc]
2024-06-11T15:30:20.547+07:00 DEBUG 41330 --- [book-movie-tickets_backend] [http-nio-8080-exec-2] m.m.a.RequestResponseBodyMethodProcessor : Using 'application/json', given [*/*] and supported [application/json, application/*+json]
2024-06-11T15:30:20.548+07:00 TRACE 41330 --- [book-movie-tickets_backend] [http-nio-8080-exec-2] m.m.a.RequestResponseBodyMethodProcessor : Writing [Page 1 of 0 containing UNKNOWN instances]
2024-06-11T15:30:20.562+07:00  WARN 41330 --- [book-movie-tickets_backend] [http-nio-8080-exec-2] PageModule$PlainPageSerializationWarning : Serializing PageImpl instances as-is is not supported, meaning that there is no guarantee about the stability of the resulting JSON structure!
	For a stable JSON structure, please use Spring Data's PagedModel (globally via @EnableSpringDataWebSupport(pageSerializationMode = VIA_DTO))
	or Spring HATEOAS and Spring Data's PagedResourcesAssembler as documented in https://docs.spring.io/spring-data/commons/reference/repositories/core-extensions.html#core.web.pageables.

2024-06-11T15:30:20.571+07:00 TRACE 41330 --- [book-movie-tickets_backend] [http-nio-8080-exec-2] o.s.web.servlet.DispatcherServlet        : No view rendering, null ModelAndView returned.
2024-06-11T15:30:20.572+07:00 DEBUG 41330 --- [book-movie-tickets_backend] [http-nio-8080-exec-2] o.s.web.servlet.DispatcherServlet        : Completed 200 OK, headers={masked}
2024-06-11T15:30:26.776+07:00 TRACE 41330 --- [book-movie-tickets_backend] [http-nio-8080-exec-3] o.s.web.servlet.DispatcherServlet        : GET "/api/v1/movies/1", parameters={}, headers={masked} in DispatcherServlet 'dispatcherServlet'
2024-06-11T15:30:26.776+07:00 TRACE 41330 --- [book-movie-tickets_backend] [http-nio-8080-exec-3] s.w.s.m.m.a.RequestMappingHandlerMapping : Mapped to group3.book_movie_tickets_backend.controller.MovieController#findById(Integer)
2024-06-11T15:30:26.777+07:00 TRACE 41330 --- [book-movie-tickets_backend] [http-nio-8080-exec-3] o.s.web.method.HandlerMethod             : Arguments: [1]
2024-06-11T15:30:26.792+07:00 DEBUG 41330 --- [book-movie-tickets_backend] [http-nio-8080-exec-3] .m.m.a.ExceptionHandlerExceptionResolver : Using @ExceptionHandler group3.book_movie_tickets_backend.configuration.exception.GlobalExceptionHandler#handleSecurityException(Exception)
2024-06-11T15:30:26.792+07:00 TRACE 41330 --- [book-movie-tickets_backend] [http-nio-8080-exec-3] o.s.web.method.HandlerMethod             : Arguments: [java.lang.IllegalArgumentException: source cannot be null]
2024-06-11T15:30:26.809+07:00 DEBUG 41330 --- [book-movie-tickets_backend] [http-nio-8080-exec-3] o.s.w.s.m.m.a.HttpEntityMethodProcessor  : Using 'application/problem+json', given [*/*] and supported [application/problem+json]
2024-06-11T15:30:26.813+07:00 TRACE 41330 --- [book-movie-tickets_backend] [http-nio-8080-exec-3] o.s.w.s.m.m.a.HttpEntityMethodProcessor  : Writing [ProblemDetail[type='about:blank', title='Internal Server Error', status=500, detail='source cannot be null', instance='/api/v1/movies/1', properties='{description=Unknown internal server error.}']]
2024-06-11T15:30:26.814+07:00 DEBUG 41330 --- [book-movie-tickets_backend] [http-nio-8080-exec-3] .m.m.a.ExceptionHandlerExceptionResolver : Resolved [java.lang.IllegalArgumentException: source cannot be null]
2024-06-11T15:30:26.814+07:00 TRACE 41330 --- [book-movie-tickets_backend] [http-nio-8080-exec-3] o.s.web.servlet.DispatcherServlet        : No view rendering, null ModelAndView returned.
2024-06-11T15:30:26.814+07:00 DEBUG 41330 --- [book-movie-tickets_backend] [http-nio-8080-exec-3] o.s.web.servlet.DispatcherServlet        : Completed 500 INTERNAL_SERVER_ERROR, headers={masked}
2024-06-11T15:30:30.096+07:00 TRACE 41330 --- [book-movie-tickets_backend] [http-nio-8080-exec-5] o.s.web.servlet.DispatcherServlet        : GET "/api/v1/movies/1", parameters={}, headers={masked} in DispatcherServlet 'dispatcherServlet'
2024-06-11T15:30:30.098+07:00 TRACE 41330 --- [book-movie-tickets_backend] [http-nio-8080-exec-5] s.w.s.m.m.a.RequestMappingHandlerMapping : Mapped to group3.book_movie_tickets_backend.controller.MovieController#findById(Integer)
2024-06-11T15:30:30.098+07:00 TRACE 41330 --- [book-movie-tickets_backend] [http-nio-8080-exec-5] o.s.web.method.HandlerMethod             : Arguments: [1]
2024-06-11T15:30:30.103+07:00 DEBUG 41330 --- [book-movie-tickets_backend] [http-nio-8080-exec-5] .m.m.a.ExceptionHandlerExceptionResolver : Using @ExceptionHandler group3.book_movie_tickets_backend.configuration.exception.GlobalExceptionHandler#handleSecurityException(Exception)
2024-06-11T15:30:30.103+07:00 TRACE 41330 --- [book-movie-tickets_backend] [http-nio-8080-exec-5] o.s.web.method.HandlerMethod             : Arguments: [java.lang.IllegalArgumentException: source cannot be null]
2024-06-11T15:30:30.104+07:00 DEBUG 41330 --- [book-movie-tickets_backend] [http-nio-8080-exec-5] o.s.w.s.m.m.a.HttpEntityMethodProcessor  : Using 'application/problem+json', given [*/*] and supported [application/problem+json]
2024-06-11T15:30:30.105+07:00 TRACE 41330 --- [book-movie-tickets_backend] [http-nio-8080-exec-5] o.s.w.s.m.m.a.HttpEntityMethodProcessor  : Writing [ProblemDetail[type='about:blank', title='Internal Server Error', status=500, detail='source cannot be null', instance='/api/v1/movies/1', properties='{description=Unknown internal server error.}']]
2024-06-11T15:30:30.106+07:00 DEBUG 41330 --- [book-movie-tickets_backend] [http-nio-8080-exec-5] .m.m.a.ExceptionHandlerExceptionResolver : Resolved [java.lang.IllegalArgumentException: source cannot be null]
2024-06-11T15:30:30.106+07:00 TRACE 41330 --- [book-movie-tickets_backend] [http-nio-8080-exec-5] o.s.web.servlet.DispatcherServlet        : No view rendering, null ModelAndView returned.
2024-06-11T15:30:30.106+07:00 DEBUG 41330 --- [book-movie-tickets_backend] [http-nio-8080-exec-5] o.s.web.servlet.DispatcherServlet        : Completed 500 INTERNAL_SERVER_ERROR, headers={masked}
2024-06-11T15:30:36.167+07:00 TRACE 41330 --- [book-movie-tickets_backend] [http-nio-8080-exec-7] o.s.web.servlet.DispatcherServlet        : GET "/api/v1/movies", parameters={}, headers={masked} in DispatcherServlet 'dispatcherServlet'
2024-06-11T15:30:36.167+07:00 TRACE 41330 --- [book-movie-tickets_backend] [http-nio-8080-exec-7] s.w.s.m.m.a.RequestMappingHandlerMapping : Mapped to group3.book_movie_tickets_backend.controller.MovieController#findAll(MovieFilterForm, int, int, String, String)
2024-06-11T15:30:36.168+07:00 TRACE 41330 --- [book-movie-tickets_backend] [http-nio-8080-exec-7] o.s.web.method.HandlerMethod             : Arguments: [MovieFilterForm(search=null), 0, 10, id, asc]
2024-06-11T15:30:36.174+07:00 DEBUG 41330 --- [book-movie-tickets_backend] [http-nio-8080-exec-7] m.m.a.RequestResponseBodyMethodProcessor : Using 'application/json', given [*/*] and supported [application/json, application/*+json]
2024-06-11T15:30:36.174+07:00 TRACE 41330 --- [book-movie-tickets_backend] [http-nio-8080-exec-7] m.m.a.RequestResponseBodyMethodProcessor : Writing [Page 1 of 0 containing UNKNOWN instances]
2024-06-11T15:30:36.175+07:00 TRACE 41330 --- [book-movie-tickets_backend] [http-nio-8080-exec-7] o.s.web.servlet.DispatcherServlet        : No view rendering, null ModelAndView returned.
2024-06-11T15:30:36.175+07:00 DEBUG 41330 --- [book-movie-tickets_backend] [http-nio-8080-exec-7] o.s.web.servlet.DispatcherServlet        : Completed 200 OK, headers={masked}
